Flow report for MAZE
Wed May 10 22:26:28 2023
Quartus Prime Version 18.1.0 Build 625 09/12/2018 SJ Lite Edition


---------------------
; Table of Contents ;
---------------------
  1. Legal Notice
  2. Flow Summary
  3. Flow Settings
  4. Flow Non-Default Global Settings
  5. Flow Elapsed Time
  6. Flow OS Summary
  7. Flow Log
  8. Flow Messages
  9. Flow Suppressed Messages



----------------
; Legal Notice ;
----------------
Copyright (C) 2018  Intel Corporation. All rights reserved.
Your use of Intel Corporation's design tools, logic functions 
and other software and tools, and its AMPP partner logic 
functions, and any output files from any of the foregoing 
(including device programming or simulation files), and any 
associated documentation or information are expressly subject 
to the terms and conditions of the Intel Program License 
Subscription Agreement, the Intel Quartus Prime License Agreement,
the Intel FPGA IP License Agreement, or other applicable license
agreement, including, without limitation, that your use is for
the sole purpose of programming logic devices manufactured by
Intel and sold by Intel or its authorized distributors.  Please
refer to the applicable agreement for further details.



+----------------------------------------------------------------------------------+
; Flow Summary                                                                     ;
+------------------------------------+---------------------------------------------+
; Flow Status                        ; Successful - Wed May 10 22:26:28 2023       ;
; Quartus Prime Version              ; 18.1.0 Build 625 09/12/2018 SJ Lite Edition ;
; Revision Name                      ; MAZE                                        ;
; Top-level Entity Name              ; top                                         ;
; Family                             ; MAX 10                                      ;
; Device                             ; 10M50DAF484C7G                              ;
; Timing Models                      ; Final                                       ;
; Total logic elements               ; 14,146 / 49,760 ( 28 % )                    ;
;     Total combinational functions  ; 13,543 / 49,760 ( 27 % )                    ;
;     Dedicated logic registers      ; 2,644 / 49,760 ( 5 % )                      ;
; Total registers                    ; 2713                                        ;
; Total pins                         ; 102 / 360 ( 28 % )                          ;
; Total virtual pins                 ; 0                                           ;
; Total memory bits                  ; 671,952 / 1,677,312 ( 40 % )                ;
; Embedded Multiplier 9-bit elements ; 2 / 288 ( < 1 % )                           ;
; Total PLLs                         ; 2 / 4 ( 50 % )                              ;
; UFM blocks                         ; 0 / 1 ( 0 % )                               ;
; ADC blocks                         ; 0 / 2 ( 0 % )                               ;
+------------------------------------+---------------------------------------------+


+-----------------------------------------+
; Flow Settings                           ;
+-------------------+---------------------+
; Option            ; Setting             ;
+-------------------+---------------------+
; Start date & time ; 05/10/2023 21:29:45 ;
; Main task         ; Compilation         ;
; Revision Name     ; MAZE                ;
+-------------------+---------------------+


+---------------------------------------------------------------------------------------------------------------------------------------------------+
; Flow Non-Default Global Settings                                                                                                                  ;
+-------------------------------------+------------------------------------------------------------+---------------+-------------------+------------+
; Assignment Name                     ; Value                                                      ; Default Value ; Entity Name       ; Section Id ;
+-------------------------------------+------------------------------------------------------------+---------------+-------------------+------------+
; COMPILER_SIGNATURE_ID               ; 264562646138663.168377218430428                            ; --            ; --                ; --         ;
; FLOW_ENABLE_POWER_ANALYZER          ; On                                                         ; Off           ; --                ; --         ;
; MAX_CORE_JUNCTION_TEMP              ; 85                                                         ; --            ; --                ; --         ;
; MIN_CORE_JUNCTION_TEMP              ; 0                                                          ; --            ; --                ; --         ;
; MISC_FILE                           ; vga_clk.ppf                                                ; --            ; --                ; --         ;
; MISC_FILE                           ; lab8_soc/synthesis/../lab8_soc.cmp                         ; --            ; --                ; --         ;
; MISC_FILE                           ; lab8_soc/synthesis/../../lab8_soc.qsys                     ; --            ; --                ; --         ;
; OUTPUT_IO_TIMING_FAR_END_VMEAS      ; Half Signal Swing                                          ; --            ; --                ; --         ;
; OUTPUT_IO_TIMING_FAR_END_VMEAS      ; Half Signal Swing                                          ; --            ; --                ; --         ;
; OUTPUT_IO_TIMING_NEAR_END_VMEAS     ; Half Vccio                                                 ; --            ; --                ; --         ;
; OUTPUT_IO_TIMING_NEAR_END_VMEAS     ; Half Vccio                                                 ; --            ; --                ; --         ;
; PARTITION_COLOR                     ; -- (Not supported for targeted family)                     ; --            ; DE10_LITE_Default ; Top        ;
; PARTITION_COLOR                     ; -- (Not supported for targeted family)                     ; --            ; top               ; Top        ;
; PARTITION_FITTER_PRESERVATION_LEVEL ; -- (Not supported for targeted family)                     ; --            ; DE10_LITE_Default ; Top        ;
; PARTITION_FITTER_PRESERVATION_LEVEL ; -- (Not supported for targeted family)                     ; --            ; top               ; Top        ;
; PARTITION_NETLIST_TYPE              ; -- (Not supported for targeted family)                     ; --            ; DE10_LITE_Default ; Top        ;
; PARTITION_NETLIST_TYPE              ; -- (Not supported for targeted family)                     ; --            ; top               ; Top        ;
; POWER_BOARD_THERMAL_MODEL           ; None (CONSERVATIVE)                                        ; --            ; --                ; --         ;
; POWER_DEFAULT_INPUT_IO_TOGGLE_RATE  ; 12.5 %                                                     ; 12.5%         ; --                ; --         ;
; POWER_PRESET_COOLING_SOLUTION       ; 23 MM HEAT SINK WITH 200 LFPM AIRFLOW                      ; --            ; --                ; --         ;
; PROJECT_OUTPUT_DIRECTORY            ; output_files                                               ; --            ; --                ; --         ;
; SLD_FILE                            ; lab8_soc/synthesis/lab8_soc.regmap                         ; --            ; --                ; --         ;
; SLD_FILE                            ; lab8_soc/synthesis/lab8_soc.debuginfo                      ; --            ; --                ; --         ;
; SLD_INFO                            ; QSYS_NAME lab8_soc HAS_SOPCINFO 1 GENERATION_ID 1682642977 ; --            ; lab8_soc          ; --         ;
; SOPCINFO_FILE                       ; lab8_soc/synthesis/../../lab8_soc.sopcinfo                 ; --            ; --                ; --         ;
; SYNTHESIS_ONLY_QIP                  ; On                                                         ; --            ; --                ; --         ;
; TOP_LEVEL_ENTITY                    ; top                                                        ; MAZE          ; --                ; --         ;
+-------------------------------------+------------------------------------------------------------+---------------+-------------------+------------+


+--------------------------------------------------------------------------------------------------------------------------+
; Flow Elapsed Time                                                                                                        ;
+----------------------+--------------+-------------------------+---------------------+------------------------------------+
; Module Name          ; Elapsed Time ; Average Processors Used ; Peak Virtual Memory ; Total CPU Time (on all processors) ;
+----------------------+--------------+-------------------------+---------------------+------------------------------------+
; Analysis & Synthesis ; 00:02:20     ; 1.0                     ; 5121 MB             ; 00:01:52                           ;
; Fitter               ; 00:00:46     ; 1.8                     ; 6345 MB             ; 00:00:52                           ;
; Assembler            ; 00:00:05     ; 1.0                     ; 4731 MB             ; 00:00:04                           ;
; Power Analyzer       ; 00:00:10     ; 2.7                     ; 5098 MB             ; 00:00:20                           ;
; Timing Analyzer      ; 00:00:11     ; 3.1                     ; 5066 MB             ; 00:00:19                           ;
; Power Analyzer       ; 00:00:11     ; 2.7                     ; 5099 MB             ; 00:00:18                           ;
; Total                ; 00:03:43     ; --                      ; --                  ; 00:03:45                           ;
+----------------------+--------------+-------------------------+---------------------+------------------------------------+


+------------------------------------------------------------------------------------+
; Flow OS Summary                                                                    ;
+----------------------+------------------+------------+------------+----------------+
; Module Name          ; Machine Hostname ; OS Name    ; OS Version ; Processor type ;
+----------------------+------------------+------------+------------+----------------+
; Analysis & Synthesis ; DESKTOP-3D5L0RO  ; Windows 10 ; 10.0       ; x86_64         ;
; Fitter               ; DESKTOP-3D5L0RO  ; Windows 10 ; 10.0       ; x86_64         ;
; Assembler            ; DESKTOP-3D5L0RO  ; Windows 10 ; 10.0       ; x86_64         ;
; Power Analyzer       ; DESKTOP-3D5L0RO  ; Windows 10 ; 10.0       ; x86_64         ;
; Timing Analyzer      ; DESKTOP-3D5L0RO  ; Windows 10 ; 10.0       ; x86_64         ;
; Power Analyzer       ; DESKTOP-3D5L0RO  ; Windows 10 ; 10.0       ; x86_64         ;
+----------------------+------------------+------------+------------+----------------+


------------
; Flow Log ;
------------
quartus_map --read_settings_files=on --write_settings_files=off MAZE -c MAZE
quartus_fit --read_settings_files=off --write_settings_files=off MAZE -c MAZE
quartus_asm --read_settings_files=off --write_settings_files=off MAZE -c MAZE
quartus_pow --read_settings_files=off --write_settings_files=off MAZE -c MAZE
quartus_sta MAZE -c MAZE
quartus_pow --read_settings_files=on --write_settings_files=off MAZE -c MAZE



